<?xml version="1.0" encoding="UTF-8"?>
<testsuite name="com.kd.apps.AcceptanceTestSuite" time="5.68" tests="28" errors="0" skipped="0" failures="0">
  <properties>
[...]
</properties>
  <testcase name="BeforeStories" classname="java.lang.Object" time="0.107"/>
  <testcase name="Given RestFul api url for employee &apos;/employee&apos;" classname="com.kd.apps.steps.EmployeeSteps" time="0.181"/>
  <testcase name="When POST request is sent for create Employee" classname="com.kd.apps.steps.EmployeeSteps" time="3.959"/>
  <testcase name="Then Employee should be created" classname="com.kd.apps.steps.EmployeeSteps" time="0.015"/>
  <testcase name="And Status code should be 200" classname="com.kd.apps.steps.EmployeeSteps" time="0.05"/>
  <testcase name="Scenario: Create Employee" classname="Scenario: Create Employee" time="0.052"/>
  <testcase name="Given RestFul api url for employee" classname="com.kd.apps.steps.EmployeeSteps" time="0.004"/>
  <testcase name="When GET request is sent with unique employee id" classname="com.kd.apps.steps.EmployeeSteps" time="0.101"/>
  <testcase name="Then Employee record with given id should be fetched" classname="com.kd.apps.steps.EmployeeSteps" time="0.781"/>
  <testcase name="And Status code should be 200​" classname="com.kd.apps.steps.EmployeeSteps" time="0.004"/>
  <testcase name="Scenario: Read one Employee" classname="Scenario: Read one Employee" time="0.005"/>
  <testcase name="Given RestFul api url for employee​" classname="com.kd.apps.steps.EmployeeSteps" time="0.004"/>
  <testcase name="When GET all request is sent for Employee" classname="com.kd.apps.steps.EmployeeSteps" time="0.068"/>
  <testcase name="Then All Employee records should be fetched" classname="com.kd.apps.steps.EmployeeSteps" time="0.044"/>
  <testcase name="And Status code should be 200​​" classname="com.kd.apps.steps.EmployeeSteps" time="0.003"/>
  <testcase name="Scenario: Read all Employee" classname="Scenario: Read all Employee" time="0.004"/>
  <testcase name="Given RestFul api url for employee​​" classname="com.kd.apps.steps.EmployeeSteps" time="0.01"/>
  <testcase name="When PUT request is sent with unique employee id" classname="com.kd.apps.steps.EmployeeSteps" time="0.132"/>
  <testcase name="Then Employee record should be updated" classname="com.kd.apps.steps.EmployeeSteps" time="0.052"/>
  <testcase name="And Status code should be 200​​​" classname="com.kd.apps.steps.EmployeeSteps" time="0.004"/>
  <testcase name="Scenario: Update Employee" classname="Scenario: Update Employee" time="0.004"/>
  <testcase name="Given RestFul api url for employee​​​" classname="com.kd.apps.steps.EmployeeSteps" time="0.003"/>
  <testcase name="When DELETE request is sent with unique employee id" classname="com.kd.apps.steps.EmployeeSteps" time="0.061"/>
  <testcase name="Then Employee record with given id should be deleted" classname="com.kd.apps.steps.EmployeeSteps" time="0.003"/>
  <testcase name="And Status code should be 200​​​​" classname="com.kd.apps.steps.EmployeeSteps" time="0.004"/>
  <testcase name="Scenario: Delete Employee" classname="Scenario: Delete Employee" time="0.008"/>
  <testcase name="EmployeeTest.story" classname="EmployeeTest.story" time="0.016"/>
  <testcase name="AfterStories" classname="java.lang.Object" time="0.001"/>
</testsuite>